[11:53:44] [main/INFO]: Using mbed TLS based native cipher.
[11:53:44] [main/INFO]: Using zlib based native compressor.
[11:53:44] [main/INFO]: Enabled Waterfall version git:Waterfall-Bootstrap:1.19-R0.1-SNAPSHOT:f6069e2:513
[11:53:44] [main/INFO]: Not on Windows, attempting to use enhanced EpollEventLoop
[11:53:44] [main/INFO]: Epoll is working, utilising it!
[11:53:44] [main/INFO]: Discovered module: ModuleSpec(name=cmd_alert, file=modules/cmd_alert.jar, provider=JenkinsModuleSource())
[11:53:44] [main/INFO]: Discovered module: ModuleSpec(name=cmd_find, file=modules/cmd_find.jar, provider=JenkinsModuleSource())
[11:53:44] [main/INFO]: Discovered module: ModuleSpec(name=cmd_list, file=modules/cmd_list.jar, provider=JenkinsModuleSource())
[11:53:44] [main/INFO]: Discovered module: ModuleSpec(name=cmd_send, file=modules/cmd_send.jar, provider=JenkinsModuleSource())
[11:53:44] [main/INFO]: Discovered module: ModuleSpec(name=cmd_server, file=modules/cmd_server.jar, provider=JenkinsModuleSource())
[11:53:44] [main/INFO]: Discovered module: ModuleSpec(name=reconnect_yaml, file=modules/reconnect_yaml.jar, provider=JenkinsModuleSource())
[11:53:44] [main/INFO]: Loaded plugin reconnect_yaml version git:reconnect_yaml:1.19-R0.1-SNAPSHOT:f6069e2:513 by WaterfallMC
[11:53:44] [main/INFO]: Loaded plugin cmd_find version git:cmd_find:1.19-R0.1-SNAPSHOT:f6069e2:513 by WaterfallMC
[11:53:44] [main/INFO]: Loaded plugin cmd_server version git:cmd_server:1.19-R0.1-SNAPSHOT:f6069e2:513 by WaterfallMC
[11:53:44] [main/INFO]: Loaded plugin cmd_alert version git:cmd_alert:1.19-R0.1-SNAPSHOT:f6069e2:513 by WaterfallMC
[11:53:44] [main/INFO]: Loaded plugin cmd_send version git:cmd_send:1.19-R0.1-SNAPSHOT:f6069e2:513 by WaterfallMC
[11:53:44] [main/INFO]: Loaded plugin cmd_list version git:cmd_list:1.19-R0.1-SNAPSHOT:f6069e2:513 by WaterfallMC
[11:53:44] [main/WARN]: :>:>:>:>:>:>:>:>:>:>:>:>:>:>:>:>:>:>:>:>:>:>:>
[11:53:44] [main/WARN]: :>  
[11:53:44] [main/WARN]: :>      EAGLERCRAFTXBUNGEE WARNING:
[11:53:44] [main/WARN]: :>  
[11:53:44] [main/WARN]: :>  This plugin wasn't tested to be 'working'
[11:53:44] [main/WARN]: :>  with ANY version of BungeeCord (and forks)
[11:53:44] [main/WARN]: :>  apart from the versions listed below:
[11:53:44] [main/WARN]: :>  
[11:53:44] [main/WARN]: :>  - BungeeCord: 1.20-R0.2-SNAPSHOT:231024b:1777
[11:53:44] [main/WARN]: :>  - Waterfall: 1.20-R0.2-SNAPSHOT:d85fe36:556
[11:53:44] [main/WARN]: :>  - FlameCord: 1.1.1
[11:53:44] [main/WARN]: :>  
[11:53:44] [main/WARN]: :>  This is not a Bukkit/Spigot plugin!
[11:53:44] [main/WARN]: :>  
[11:53:44] [main/WARN]: :>  Use "-Deaglerxbungee.stfu=true" to hide
[11:53:44] [main/WARN]: :>  
[11:53:44] [main/WARN]: :>:>:>:>:>:>:>:>:>:>:>:>:>:>:>:>:>:>:>:>:>:>:>
[11:53:44] [main/INFO] [EaglercraftXBungee]: Loading vanilla profile: lax1dude
[11:53:46] [Skin Download Thread #1/INFO] [EaglercraftXBungee]: Loaded vanilla profile: lax1dude
[11:53:46] [main/INFO]: Loaded plugin EaglercraftXBungee version 1.0.9 by lax1dude
[11:53:46] [main/WARN]: Forced host server pvp is not defined
[11:53:46] [main/INFO]: Enabled plugin reconnect_yaml version git:reconnect_yaml:1.19-R0.1-SNAPSHOT:f6069e2:513 by WaterfallMC
[11:53:46] [main/INFO]: Enabled plugin cmd_find version git:cmd_find:1.19-R0.1-SNAPSHOT:f6069e2:513 by WaterfallMC
[11:53:46] [main/INFO]: Enabled plugin cmd_server version git:cmd_server:1.19-R0.1-SNAPSHOT:f6069e2:513 by WaterfallMC
[11:53:46] [main/INFO]: Enabled plugin cmd_alert version git:cmd_alert:1.19-R0.1-SNAPSHOT:f6069e2:513 by WaterfallMC
[11:53:46] [main/INFO]: Enabled plugin cmd_send version git:cmd_send:1.19-R0.1-SNAPSHOT:f6069e2:513 by WaterfallMC
[11:53:46] [main/INFO]: Enabled plugin cmd_list version git:cmd_list:1.19-R0.1-SNAPSHOT:f6069e2:513 by WaterfallMC
[11:53:46] [main/ERROR] [EaglercraftXBungee]: Online mode is set to false! Authentication system has been disabled
[11:53:46] [Netty Worker IO Thread #0/INFO] [EaglercraftXBungee]: Eaglercraft is listening on: /0.0.0.0:8081
[11:53:46] [main/INFO] [EaglercraftXBungee]: Connected to database: jdbc:sqlite:eaglercraft_skins_cache.db
[11:53:46] [main/INFO]: Enabled plugin EaglercraftXBungee version 1.0.9 by lax1dude
[11:53:46] [Netty Boss IO Thread #0/INFO]: Listening on /127.0.0.1:25577
[11:55:17] [Netty Worker IO Thread #1/WARN] [EaglercraftXBungee]: Server icon is not a file: /workspaces/Duhpoo-SMP/bungee/server-icon.png
[11:55:19] [Netty Worker IO Thread #2/INFO] [EaglercraftXBungee]: [/[0:0:0:0:0:0:0:1%0]:38810]: Connected via websocket
[11:55:19] [Netty Worker IO Thread #2/INFO] [EaglercraftXBungee]: [/[0:0:0:0:0:0:0:1%0]:38810]: Origin header is null
[11:55:19] [Netty Worker IO Thread #2/INFO] [EaglercraftXBungee]: [/[0:0:0:0:0:0:0:1%0]:38810]: Logged in as 'Indicabna_Jonez'
[11:55:19] [Netty Worker IO Thread #2/INFO]: [/[0:0:0:0:0:0:0:1%0]:38810|Indicabna_Jonez] -> UpstreamBridge has connected
[11:55:20] [Netty Worker IO Thread #2/INFO]: [Indicabna_Jonez|/[0:0:0:0:0:0:0:1%0]:38810] <-> ServerConnector [lobby] has connected
[11:58:13] [Netty Worker IO Thread #3/INFO] [EaglercraftXBungee]: [/[0:0:0:0:0:0:0:1%0]:45544]: Connected via websocket
[11:58:13] [Netty Worker IO Thread #3/INFO] [EaglercraftXBungee]: [/[0:0:0:0:0:0:0:1%0]:45544]: Origin header is null
[11:58:13] [Netty Worker IO Thread #3/INFO] [EaglercraftXBungee]: [/[0:0:0:0:0:0:0:1%0]:45544]: Logged in as 'MasterQuizla'
[11:58:13] [Netty Worker IO Thread #3/INFO]: [/[0:0:0:0:0:0:0:1%0]:45544|MasterQuizla] -> UpstreamBridge has connected
[11:58:13] [Netty Worker IO Thread #3/INFO]: [MasterQuizla|/[0:0:0:0:0:0:0:1%0]:45544] <-> ServerConnector [lobby] has connected
[11:59:41] [Netty Worker IO Thread #2/INFO]: [/[0:0:0:0:0:0:0:1%0]:38810|Indicabna_Jonez] -> UpstreamBridge has disconnected
[11:59:41] [Netty Worker IO Thread #2/INFO]: [Indicabna_Jonez] disconnected with: Proxy lost connection to server.
[11:59:41] [Netty Worker IO Thread #2/INFO]: [/[0:0:0:0:0:0:0:1%0]:38810|Indicabna_Jonez] <-> DownstreamBridge <-> [lobby] has disconnected
[12:00:13] [Netty Worker IO Thread #3/INFO]: [/[0:0:0:0:0:0:0:1%0]:45544|MasterQuizla] -> UpstreamBridge has disconnected
[12:00:13] [Netty Worker IO Thread #3/INFO]: [MasterQuizla] disconnected with: Proxy lost connection to server.
[12:00:13] [Netty Worker IO Thread #3/INFO]: [/[0:0:0:0:0:0:0:1%0]:45544|MasterQuizla] <-> DownstreamBridge <-> [lobby] has disconnected
[12:02:34] [Netty Worker IO Thread #2/INFO] [EaglercraftXBungee]: [/[0:0:0:0:0:0:0:1%0]:49906]: Connected via websocket
[12:02:34] [Netty Worker IO Thread #2/INFO] [EaglercraftXBungee]: [/[0:0:0:0:0:0:0:1%0]:49906]: Origin header is null
[12:02:34] [Netty Worker IO Thread #2/INFO] [EaglercraftXBungee]: [/[0:0:0:0:0:0:0:1%0]:49906]: Logged in as 'Indicabna_Jonez'
[12:02:34] [Netty Worker IO Thread #2/INFO]: [/[0:0:0:0:0:0:0:1%0]:49906|Indicabna_Jonez] -> UpstreamBridge has connected
[12:02:34] [Netty Worker IO Thread #2/INFO]: [Indicabna_Jonez|/[0:0:0:0:0:0:0:1%0]:49906] <-> ServerConnector [lobby] has connected
[12:05:37] [Netty Worker IO Thread #1/INFO] [EaglercraftXBungee]: [/[0:0:0:0:0:0:0:1%0]:55906]: Connected via websocket
[12:05:37] [Netty Worker IO Thread #1/INFO] [EaglercraftXBungee]: [/[0:0:0:0:0:0:0:1%0]:55906]: Origin header is null
[12:05:37] [Netty Worker IO Thread #1/INFO] [EaglercraftXBungee]: [/[0:0:0:0:0:0:0:1%0]:55906]: Logged in as 'Devdites'
[12:05:37] [Netty Worker IO Thread #1/INFO]: [/[0:0:0:0:0:0:0:1%0]:55906|Devdites] -> UpstreamBridge has connected
[12:05:37] [Netty Worker IO Thread #1/INFO]: [Devdites|/[0:0:0:0:0:0:0:1%0]:55906] <-> ServerConnector [lobby] has connected
[12:07:04] [Netty Worker IO Thread #1/INFO]: [/[0:0:0:0:0:0:0:1%0]:55906|Devdites] -> UpstreamBridge has disconnected
[12:07:04] [Netty Worker IO Thread #1/INFO]: [Devdites] disconnected with: Proxy lost connection to server.
[12:07:04] [Netty Worker IO Thread #1/INFO]: [/[0:0:0:0:0:0:0:1%0]:55906|Devdites] <-> DownstreamBridge <-> [lobby] has disconnected
